app/build/outputs/logs/manifest-merger-debug-report.txt
-- Merging decision tree log ---
manifest
ADDED from AndroidManifest.xml:2:1
	package
		ADDED from AndroidManifest.xml:3:5
		INJECTED from AndroidManifest.xml:0:0
		INJECTED from AndroidManifest.xml:0:0
	android:versionName
		INJECTED from AndroidManifest.xml:0:0
		INJECTED from AndroidManifest.xml:0:0
	xmlns:android
		ADDED from AndroidManifest.xml:2:11
	android:versionCode
		INJECTED from AndroidManifest.xml:0:0
		INJECTED from AndroidManifest.xml:0:0
application
ADDED from AndroidManifest.xml:5:5
MERGED from com.android.support:appcompat-v7:23.1.0:22:5
MERGED from com.android.support:support-v4:23.1.0:22:5
MERGED from com.android.support:support-v4:23.1.0:22:5
MERGED from Bucket:andEngine:unspecified:11:5
MERGED from Bucket:andEngineAugmentedRealityExtension:unspecified:11:5
MERGED from Bucket:andEngine:unspecified:11:5
MERGED from Bucket:andEngineDebugDrawExtension:unspecified:11:5
MERGED from Bucket:andEngine:unspecified:11:5
MERGED from Bucket:andEnginePhysicsBox2DExtension:unspecified:11:5
MERGED from Bucket:andEngine:unspecified:11:5
MERGED from Bucket:andEngineLiveWallpaperExtension:unspecified:11:5
MERGED from Bucket:andEngine:unspecified:11:5
MERGED from Bucket:andEngineMODPlayerExtension:unspecified:11:5
MERGED from Bucket:andEngine:unspecified:11:5
MERGED from Bucket:andEnginePhysicsBox2DExtension:unspecified:11:5
MERGED from Bucket:andEngine:unspecified:11:5
MERGED from Bucket:andEngineScriptingExtension:unspecified:11:5
MERGED from Bucket:andEngine:unspecified:11:5
MERGED from Bucket:andEngineSVGTextureRegionExtension:unspecified:11:5
MERGED from Bucket:andEngine:unspecified:11:5
MERGED from Bucket:andEngineTexturePackerExtension:unspecified:11:5
MERGED from Bucket:andEngine:unspecified:11:5
MERGED from Bucket:andEngineTMXTiledMapExtension:unspecified:11:5
MERGED from Bucket:andEngine:unspecified:11:5
	android:label
		ADDED from AndroidManifest.xml:8:9
	android:debuggable
		ADDED from Bucket:andEngine:unspecified:11:18
	android:allowBackup
		ADDED from AndroidManifest.xml:6:9
	android:icon
		ADDED from AndroidManifest.xml:7:9
	android:theme
		ADDED from AndroidManifest.xml:9:9
activity#com.home.slaughter.bucket.MainActivity
ADDED from AndroidManifest.xml:10:9
	android:label
		ADDED from AndroidManifest.xml:12:13
	android:name
		ADDED from AndroidManifest.xml:11:13
intent-filter#android.intent.action.MAIN+android.intent.category.LAUNCHER
ADDED from AndroidManifest.xml:13:13
action#android.intent.action.MAIN
ADDED from AndroidManifest.xml:14:17
	android:name
		ADDED from AndroidManifest.xml:14:25
category#android.intent.category.LAUNCHER
ADDED from AndroidManifest.xml:16:17
	android:name
		ADDED from AndroidManifest.xml:16:27
activity#com.home.slaughter.bucket.GameActivity
ADDED from AndroidManifest.xml:19:9
	android:label
		ADDED from AndroidManifest.xml:21:13
	android:name
		ADDED from AndroidManifest.xml:20:13
uses-sdk
INJECTED from AndroidManifest.xml:0:0 reason: use-sdk injection requested
MERGED from com.android.support:appcompat-v7:23.1.0:20:5
MERGED from com.android.support:support-v4:23.1.0:20:5
MERGED from com.android.support:support-v4:23.1.0:20:5
MERGED from Bucket:andEngine:unspecified:7:5
MERGED from Bucket:andEngineAugmentedRealityExtension:unspecified:7:5
MERGED from Bucket:andEngine:unspecified:7:5
MERGED from Bucket:andEngineDebugDrawExtension:unspecified:7:5
MERGED from Bucket:andEngine:unspecified:7:5
MERGED from Bucket:andEnginePhysicsBox2DExtension:unspecified:7:5
MERGED from Bucket:andEngine:unspecified:7:5
MERGED from Bucket:andEngineLiveWallpaperExtension:unspecified:7:5
MERGED from Bucket:andEngine:unspecified:7:5
MERGED from Bucket:andEngineMODPlayerExtension:unspecified:7:5
MERGED from Bucket:andEngine:unspecified:7:5
MERGED from Bucket:andEnginePhysicsBox2DExtension:unspecified:7:5
MERGED from Bucket:andEngine:unspecified:7:5
MERGED from Bucket:andEngineScriptingExtension:unspecified:7:5
MERGED from Bucket:andEngine:unspecified:7:5
MERGED from Bucket:andEngineSVGTextureRegionExtension:unspecified:7:5
MERGED from Bucket:andEngine:unspecified:7:5
MERGED from Bucket:andEngineTexturePackerExtension:unspecified:7:5
MERGED from Bucket:andEngine:unspecified:7:5
MERGED from Bucket:andEngineTMXTiledMapExtension:unspecified:7:5
MERGED from Bucket:andEngine:unspecified:7:5
	android:targetSdkVersion
		INJECTED from AndroidManifest.xml:0:0
		INJECTED from AndroidManifest.xml:0:0
	android:minSdkVersion
		INJECTED from AndroidManifest.xml:0:0
		INJECTED from AndroidManifest.xml:0:0